
> z13dep@0.1.0 build
> next build

▲ Next.js 16.1.6 (Turbopack)
- Environments: .env

⚠ The "middleware" file convention is deprecated. Please use "proxy" instead. Learn more: https://nextjs.org/docs/messages/middleware-to-proxy
  Creating an optimized production build ...

> Build error occurred
Error: Turbopack build failed with 3 errors:
./components/comments.tsx:9:1
Module not found: Can't resolve '@/components/ui/avatar'
[0m [90m  7 |[39m [36mimport[39m { [33mScrollArea[39m } [36mfrom[39m [32m'@/components/ui/scroll-area'[39m
 [90m  8 |[39m [36mimport[39m { [33mLoader2[39m[33m,[39m [33mSend[39m } [36mfrom[39m [32m'lucide-react'[39m
[31m[1m>[22m[39m[90m  9 |[39m [36mimport[39m { [33mAvatar[39m[33m,[39m [33mAvatarFallback[39m } [36mfrom[39m [32m'@/components/ui/avatar'[39m
 [90m    |[39m [31m[1m^[22m[39m[31m[1m^[22m[39m[31m[1m^[22m[39m[31m[1m^[22m[39m[31m[1m^[22m[39m[31m[1m^[22m[39m[31m[1m^[22m[39m[31m[1m^[22m[39m[31m[1m^[22m[39m[31m[1m^[22m[39m[31m[1m^[22m[39m[31m[1m^[22m[39m[31m[1m^[22m[39m[31m[1m^[22m[39m[31m[1m^[22m[39m[31m[1m^[22m[39m[31m[1m^[22m[39m[31m[1m^[22m[39m[31m[1m^[22m[39m[31m[1m^[22m[39m[31m[1m^[22m[39m[31m[1m^[22m[39m[31m[1m^[22m[39m[31m[1m^[22m[39m[31m[1m^[22m[39m[31m[1m^[22m[39m[31m[1m^[22m[39m[31m[1m^[22m[39m[31m[1m^[22m[39m[31m[1m^[22m[39m[31m[1m^[22m[39m[31m[1m^[22m[39m[31m[1m^[22m[39m[31m[1m^[22m[39m[31m[1m^[22m[39m[31m[1m^[22m[39m[31m[1m^[22m[39m[31m[1m^[22m[39m[31m[1m^[22m[39m[31m[1m^[22m[39m[31m[1m^[22m[39m[31m[1m^[22m[39m[31m[1m^[22m[39m[31m[1m^[22m[39m[31m[1m^[22m[39m[31m[1m^[22m[39m[31m[1m^[22m[39m[31m[1m^[22m[39m[31m[1m^[22m[39m[31m[1m^[22m[39m[31m[1m^[22m[39m[31m[1m^[22m[39m[31m[1m^[22m[39m[31m[1m^[22m[39m[31m[1m^[22m[39m[31m[1m^[22m[39m[31m[1m^[22m[39m[31m[1m^[22m[39m[31m[1m^[22m[39m[31m[1m^[22m[39m[31m[1m^[22m[39m[31m[1m^[22m[39m[31m[1m^[22m[39m
 [90m 10 |[39m [36mimport[39m { formatDistanceToNow } [36mfrom[39m [32m'date-fns'[39m
 [90m 11 |[39m
 [90m 12 |[39m [36minterface[39m [33mComment[39m {[0m

Import map: aliased to relative './components/ui/avatar' inside of [project]/


Import traces:
  Client Component Browser:
    ./components/comments.tsx [Client Component Browser]
    ./components/ticket-sheet.tsx [Client Component Browser]
    ./components/triage-table.tsx [Client Component Browser]
    ./components/triage-table.tsx [Server Component]
    ./app/(dashboard)/manager/page.tsx [Server Component]

  Client Component SSR:
    ./components/comments.tsx [Client Component SSR]
    ./components/ticket-sheet.tsx [Client Component SSR]
    ./components/triage-table.tsx [Client Component SSR]
    ./components/triage-table.tsx [Server Component]
    ./app/(dashboard)/manager/page.tsx [Server Component]

https://nextjs.org/docs/messages/module-not-found


./components/ticket-sheet.tsx:11:1
Module not found: Can't resolve '@/components/ui/tabs'
[0m [90m  9 |[39m     [33mSheetTrigger[39m[33m,[39m
 [90m 10 |[39m } [36mfrom[39m [32m'@/components/ui/sheet'[39m
[31m[1m>[22m[39m[90m 11 |[39m [36mimport[39m { [33mTabs[39m[33m,[39m [33mTabsContent[39m[33m,[39m [33mTabsList[39m[33m,[39m [33mTabsTrigger[39m } [36mfrom[39m [32m'@/components/ui/tabs'[39m
 [90m    |[39m [31m[1m^[22m[39m[31m[1m^[22m[39m[31m[1m^[22m[39m[31m[1m^[22m[39m[31m[1m^[22m[39m[31m[1m^[22m[39m[31m[1m^[22m[39m[31m[1m^[22m[39m[31m[1m^[22m[39m[31m[1m^[22m[39m[31m[1m^[22m[39m[31m[1m^[22m[39m[31m[1m^[22m[39m[31m[1m^[22m[39m[31m[1m^[22m[39m[31m[1m^[22m[39m[31m[1m^[22m[39m[31m[1m^[22m[39m[31m[1m^[22m[39m[31m[1m^[22m[39m[31m[1m^[22m[39m[31m[1m^[22m[39m[31m[1m^[22m[39m[31m[1m^[22m[39m[31m[1m^[22m[39m[31m[1m^[22m[39m[31m[1m^[22m[39m[31m[1m^[22m[39m[31m[1m^[22m[39m[31m[1m^[22m[39m[31m[1m^[22m[39m[31m[1m^[22m[39m[31m[1m^[22m[39m[31m[1m^[22m[39m[31m[1m^[22m[39m[31m[1m^[22m[39m[31m[1m^[22m[39m[31m[1m^[22m[39m[31m[1m^[22m[39m[31m[1m^[22m[39m[31m[1m^[22m[39m[31m[1m^[22m[39m[31m[1m^[22m[39m[31m[1m^[22m[39m[31m[1m^[22m[39m[31m[1m^[22m[39m[31m[1m^[22m[39m[31m[1m^[22m[39m[31m[1m^[22m[39m[31m[1m^[22m[39m[31m[1m^[22m[39m[31m[1m^[22m[39m[31m[1m^[22m[39m[31m[1m^[22m[39m[31m[1m^[22m[39m[31m[1m^[22m[39m[31m[1m^[22m[39m[31m[1m^[22m[39m[31m[1m^[22m[39m[31m[1m^[22m[39m[31m[1m^[22m[39m[31m[1m^[22m[39m[31m[1m^[22m[39m[31m[1m^[22m[39m[31m[1m^[22m[39m[31m[1m^[22m[39m[31m[1m^[22m[39m[31m[1m^[22m[39m[31m[1m^[22m[39m[31m[1m^[22m[39m[31m[1m^[22m[39m[31m[1m^[22m[39m[31m[1m^[22m[39m[31m[1m^[22m[39m[31m[1m^[22m[39m[31m[1m^[22m[39m[31m[1m^[22m[39m[31m[1m^[22m[39m[31m[1m^[22m[39m
 [90m 12 |[39m [36mimport[39m { [33mTicket[39m[33m,[39m [33mUser[39m[33m,[39m [33mDepartment[39m } [36mfrom[39m [32m'@prisma/client'[39m
 [90m 13 |[39m [36mimport[39m { [33mBadge[39m } [36mfrom[39m [32m'@/components/ui/badge'[39m
 [90m 14 |[39m [36mimport[39m { format } [36mfrom[39m [32m'date-fns'[39m[0m

Import map: aliased to relative './components/ui/tabs' inside of [project]/


Import traces:
  Client Component Browser:
    ./components/ticket-sheet.tsx [Client Component Browser]
    ./components/triage-table.tsx [Client Component Browser]
    ./components/triage-table.tsx [Server Component]
    ./app/(dashboard)/manager/page.tsx [Server Component]

  Client Component SSR:
    ./components/ticket-sheet.tsx [Client Component SSR]
    ./components/triage-table.tsx [Client Component SSR]
    ./components/triage-table.tsx [Server Component]
    ./app/(dashboard)/manager/page.tsx [Server Component]

https://nextjs.org/docs/messages/module-not-found


./lib/email.ts:2:1
Module not found: Can't resolve 'nodemailer'
[0m [90m 1 |[39m
[31m[1m>[22m[39m[90m 2 |[39m [36mimport[39m nodemailer [36mfrom[39m [32m'nodemailer'[39m
 [90m   |[39m [31m[1m^[22m[39m[31m[1m^[22m[39m[31m[1m^[22m[39m[31m[1m^[22m[39m[31m[1m^[22m[39m[31m[1m^[22m[39m[31m[1m^[22m[39m[31m[1m^[22m[39m[31m[1m^[22m[39m[31m[1m^[22m[39m[31m[1m^[22m[39m[31m[1m^[22m[39m[31m[1m^[22m[39m[31m[1m^[22m[39m[31m[1m^[22m[39m[31m[1m^[22m[39m[31m[1m^[22m[39m[31m[1m^[22m[39m[31m[1m^[22m[39m[31m[1m^[22m[39m[31m[1m^[22m[39m[31m[1m^[22m[39m[31m[1m^[22m[39m[31m[1m^[22m[39m[31m[1m^[22m[39m[31m[1m^[22m[39m[31m[1m^[22m[39m[31m[1m^[22m[39m[31m[1m^[22m[39m[31m[1m^[22m[39m[31m[1m^[22m[39m[31m[1m^[22m[39m[31m[1m^[22m[39m[31m[1m^[22m[39m[31m[1m^[22m[39m
 [90m 3 |[39m
 [90m 4 |[39m [36mconst[39m transporter [33m=[39m nodemailer[33m.[39mcreateTransport({
 [90m 5 |[39m     host[33m:[39m process[33m.[39menv[33m.[39m[33mEMAIL_HOST[39m[33m,[39m[0m



Import traces:
  Server Component:
    ./lib/email.ts
    ./actions/tickets.ts

  App Route:
    ./lib/email.ts
    ./actions/tickets.ts
    ./app/api/test/execute/route.ts

https://nextjs.org/docs/messages/module-not-found


    at <unknown> (./components/comments.tsx:9:1)
    at <unknown> (https://nextjs.org/docs/messages/module-not-found)
    at <unknown> (./components/ticket-sheet.tsx:11:1)
    at <unknown> (https://nextjs.org/docs/messages/module-not-found)
    at <unknown> (./lib/email.ts:2:1)
    at <unknown> (https://nextjs.org/docs/messages/module-not-found)
